2024/11/13 11:57:46 [error] [php] include(User.php): Failed to open stream: No such file or directory (D:\xampp\htdocs\YII\vendor\yiisoft\yii\framework\YiiBase.php:463)
Stack trace:
#0 D:\xampp\htdocs\YII\vendor\yiisoft\yii\framework\YiiBase.php(463): include()
#1 D:\xampp\htdocs\YII\klinik-informasi\protected\components\UserIdentity.php(20): autoload()
#2 D:\xampp\htdocs\YII\klinik-informasi\protected\models\LoginForm.php(54): UserIdentity->authenticate()
#3 D:\xampp\htdocs\YII\vendor\yiisoft\yii\framework\validators\CInlineValidator.php(42): LoginForm->authenticate()
#4 D:\xampp\htdocs\YII\vendor\yiisoft\yii\framework\validators\CValidator.php(201): CInlineValidator->validateAttribute()
#5 D:\xampp\htdocs\YII\vendor\yiisoft\yii\framework\base\CModel.php(159): CInlineValidator->validate()
#6 D:\xampp\htdocs\YII\klinik-informasi\protected\controllers\SiteController.php(94): LoginForm->validate()
#7 D:\xampp\htdocs\YII\vendor\yiisoft\yii\framework\web\actions\CInlineAction.php(49): SiteController->actionLogin()
#8 D:\xampp\htdocs\YII\vendor\yiisoft\yii\framework\web\CController.php(308): CInlineAction->runWithParams()
#9 D:\xampp\htdocs\YII\vendor\yiisoft\yii\framework\web\CController.php(286): SiteController->runAction()
#10 D:\xampp\htdocs\YII\vendor\yiisoft\yii\framework\web\CController.php(265): SiteController->runActionWithFilters()
#11 D:\xampp\htdocs\YII\vendor\yiisoft\yii\framework\web\CWebApplication.php(282): SiteController->run()
#12 D:\xampp\htdocs\YII\vendor\yiisoft\yii\framework\web\CWebApplication.php(141): CWebApplication->runController()
#13 D:\xampp\htdocs\YII\vendor\yiisoft\yii\framework\base\CApplication.php(185): CWebApplication->processRequest()
#14 D:\xampp\htdocs\YII\klinik-informasi\index.php(13): CWebApplication->run()
REQUEST_URI=/yii/klinik-informasi/index.php?r=site/login
in D:\xampp\htdocs\YII\klinik-informasi\protected\components\UserIdentity.php (20)
in D:\xampp\htdocs\YII\klinik-informasi\protected\models\LoginForm.php (54)
in D:\xampp\htdocs\YII\klinik-informasi\protected\controllers\SiteController.php (94)
2024/11/13 12:02:28 [error] [php] include(User.php): Failed to open stream: No such file or directory (D:\xampp\htdocs\YII\vendor\yiisoft\yii\framework\YiiBase.php:463)
Stack trace:
#0 D:\xampp\htdocs\YII\vendor\yiisoft\yii\framework\YiiBase.php(463): include()
#1 D:\xampp\htdocs\YII\klinik-informasi\protected\components\UserIdentity.php(20): autoload()
#2 D:\xampp\htdocs\YII\klinik-informasi\protected\models\LoginForm.php(54): UserIdentity->authenticate()
#3 D:\xampp\htdocs\YII\vendor\yiisoft\yii\framework\validators\CInlineValidator.php(42): LoginForm->authenticate()
#4 D:\xampp\htdocs\YII\vendor\yiisoft\yii\framework\validators\CValidator.php(201): CInlineValidator->validateAttribute()
#5 D:\xampp\htdocs\YII\vendor\yiisoft\yii\framework\base\CModel.php(159): CInlineValidator->validate()
#6 D:\xampp\htdocs\YII\klinik-informasi\protected\controllers\SiteController.php(94): LoginForm->validate()
#7 D:\xampp\htdocs\YII\vendor\yiisoft\yii\framework\web\actions\CInlineAction.php(49): SiteController->actionLogin()
#8 D:\xampp\htdocs\YII\vendor\yiisoft\yii\framework\web\CController.php(308): CInlineAction->runWithParams()
#9 D:\xampp\htdocs\YII\vendor\yiisoft\yii\framework\web\CController.php(286): SiteController->runAction()
#10 D:\xampp\htdocs\YII\vendor\yiisoft\yii\framework\web\CController.php(265): SiteController->runActionWithFilters()
#11 D:\xampp\htdocs\YII\vendor\yiisoft\yii\framework\web\CWebApplication.php(282): SiteController->run()
#12 D:\xampp\htdocs\YII\vendor\yiisoft\yii\framework\web\CWebApplication.php(141): CWebApplication->runController()
#13 D:\xampp\htdocs\YII\vendor\yiisoft\yii\framework\base\CApplication.php(185): CWebApplication->processRequest()
#14 D:\xampp\htdocs\YII\klinik-informasi\index.php(13): CWebApplication->run()
REQUEST_URI=/yii/klinik-informasi/index.php?r=site/login
in D:\xampp\htdocs\YII\klinik-informasi\protected\components\UserIdentity.php (20)
in D:\xampp\htdocs\YII\klinik-informasi\protected\models\LoginForm.php (54)
in D:\xampp\htdocs\YII\klinik-informasi\protected\controllers\SiteController.php (94)
2024/11/13 12:16:00 [error] [php] include(User.php): Failed to open stream: No such file or directory (D:\xampp\htdocs\YII\vendor\yiisoft\yii\framework\YiiBase.php:463)
Stack trace:
#0 D:\xampp\htdocs\YII\vendor\yiisoft\yii\framework\YiiBase.php(463): include()
#1 D:\xampp\htdocs\YII\klinik-informasi\protected\components\UserIdentity.php(20): autoload()
#2 D:\xampp\htdocs\YII\klinik-informasi\protected\models\LoginForm.php(54): UserIdentity->authenticate()
#3 D:\xampp\htdocs\YII\vendor\yiisoft\yii\framework\validators\CInlineValidator.php(42): LoginForm->authenticate()
#4 D:\xampp\htdocs\YII\vendor\yiisoft\yii\framework\validators\CValidator.php(201): CInlineValidator->validateAttribute()
#5 D:\xampp\htdocs\YII\vendor\yiisoft\yii\framework\base\CModel.php(159): CInlineValidator->validate()
#6 D:\xampp\htdocs\YII\klinik-informasi\protected\controllers\SiteController.php(94): LoginForm->validate()
#7 D:\xampp\htdocs\YII\vendor\yiisoft\yii\framework\web\actions\CInlineAction.php(49): SiteController->actionLogin()
#8 D:\xampp\htdocs\YII\vendor\yiisoft\yii\framework\web\CController.php(308): CInlineAction->runWithParams()
#9 D:\xampp\htdocs\YII\vendor\yiisoft\yii\framework\web\CController.php(286): SiteController->runAction()
#10 D:\xampp\htdocs\YII\vendor\yiisoft\yii\framework\web\CController.php(265): SiteController->runActionWithFilters()
#11 D:\xampp\htdocs\YII\vendor\yiisoft\yii\framework\web\CWebApplication.php(282): SiteController->run()
#12 D:\xampp\htdocs\YII\vendor\yiisoft\yii\framework\web\CWebApplication.php(141): CWebApplication->runController()
#13 D:\xampp\htdocs\YII\vendor\yiisoft\yii\framework\base\CApplication.php(185): CWebApplication->processRequest()
#14 D:\xampp\htdocs\YII\klinik-informasi\index.php(13): CWebApplication->run()
REQUEST_URI=/yii/klinik-informasi/index.php?r=site/login
in D:\xampp\htdocs\YII\klinik-informasi\protected\components\UserIdentity.php (20)
in D:\xampp\htdocs\YII\klinik-informasi\protected\models\LoginForm.php (54)
in D:\xampp\htdocs\YII\klinik-informasi\protected\controllers\SiteController.php (94)
2024/11/13 12:16:50 [error] [php] include(User.php): Failed to open stream: No such file or directory (D:\xampp\htdocs\YII\vendor\yiisoft\yii\framework\YiiBase.php:463)
Stack trace:
#0 D:\xampp\htdocs\YII\vendor\yiisoft\yii\framework\YiiBase.php(463): include()
#1 D:\xampp\htdocs\YII\klinik-informasi\protected\components\UserIdentity.php(13): autoload()
#2 D:\xampp\htdocs\YII\klinik-informasi\protected\models\LoginForm.php(54): UserIdentity->authenticate()
#3 D:\xampp\htdocs\YII\vendor\yiisoft\yii\framework\validators\CInlineValidator.php(42): LoginForm->authenticate()
#4 D:\xampp\htdocs\YII\vendor\yiisoft\yii\framework\validators\CValidator.php(201): CInlineValidator->validateAttribute()
#5 D:\xampp\htdocs\YII\vendor\yiisoft\yii\framework\base\CModel.php(159): CInlineValidator->validate()
#6 D:\xampp\htdocs\YII\klinik-informasi\protected\controllers\SiteController.php(94): LoginForm->validate()
#7 D:\xampp\htdocs\YII\vendor\yiisoft\yii\framework\web\actions\CInlineAction.php(49): SiteController->actionLogin()
#8 D:\xampp\htdocs\YII\vendor\yiisoft\yii\framework\web\CController.php(308): CInlineAction->runWithParams()
#9 D:\xampp\htdocs\YII\vendor\yiisoft\yii\framework\web\CController.php(286): SiteController->runAction()
#10 D:\xampp\htdocs\YII\vendor\yiisoft\yii\framework\web\CController.php(265): SiteController->runActionWithFilters()
#11 D:\xampp\htdocs\YII\vendor\yiisoft\yii\framework\web\CWebApplication.php(282): SiteController->run()
#12 D:\xampp\htdocs\YII\vendor\yiisoft\yii\framework\web\CWebApplication.php(141): CWebApplication->runController()
#13 D:\xampp\htdocs\YII\vendor\yiisoft\yii\framework\base\CApplication.php(185): CWebApplication->processRequest()
#14 D:\xampp\htdocs\YII\klinik-informasi\index.php(13): CWebApplication->run()
REQUEST_URI=/yii/klinik-informasi/index.php?r=site/login
in D:\xampp\htdocs\YII\klinik-informasi\protected\components\UserIdentity.php (13)
in D:\xampp\htdocs\YII\klinik-informasi\protected\models\LoginForm.php (54)
in D:\xampp\htdocs\YII\klinik-informasi\protected\controllers\SiteController.php (94)
2024/11/13 12:18:37 [error] [php] include(User.php): Failed to open stream: No such file or directory (D:\xampp\htdocs\YII\vendor\yiisoft\yii\framework\YiiBase.php:463)
Stack trace:
#0 D:\xampp\htdocs\YII\vendor\yiisoft\yii\framework\YiiBase.php(463): include()
#1 D:\xampp\htdocs\YII\klinik-informasi\protected\components\UserIdentity.php(13): autoload()
#2 D:\xampp\htdocs\YII\klinik-informasi\protected\models\LoginForm.php(54): UserIdentity->authenticate()
#3 D:\xampp\htdocs\YII\vendor\yiisoft\yii\framework\validators\CInlineValidator.php(42): LoginForm->authenticate()
#4 D:\xampp\htdocs\YII\vendor\yiisoft\yii\framework\validators\CValidator.php(201): CInlineValidator->validateAttribute()
#5 D:\xampp\htdocs\YII\vendor\yiisoft\yii\framework\base\CModel.php(159): CInlineValidator->validate()
#6 D:\xampp\htdocs\YII\klinik-informasi\protected\controllers\SiteController.php(92): LoginForm->validate()
#7 D:\xampp\htdocs\YII\vendor\yiisoft\yii\framework\web\actions\CInlineAction.php(49): SiteController->actionLogin()
#8 D:\xampp\htdocs\YII\vendor\yiisoft\yii\framework\web\CController.php(308): CInlineAction->runWithParams()
#9 D:\xampp\htdocs\YII\vendor\yiisoft\yii\framework\web\CController.php(286): SiteController->runAction()
#10 D:\xampp\htdocs\YII\vendor\yiisoft\yii\framework\web\CController.php(265): SiteController->runActionWithFilters()
#11 D:\xampp\htdocs\YII\vendor\yiisoft\yii\framework\web\CWebApplication.php(282): SiteController->run()
#12 D:\xampp\htdocs\YII\vendor\yiisoft\yii\framework\web\CWebApplication.php(141): CWebApplication->runController()
#13 D:\xampp\htdocs\YII\vendor\yiisoft\yii\framework\base\CApplication.php(185): CWebApplication->processRequest()
#14 D:\xampp\htdocs\YII\klinik-informasi\index.php(13): CWebApplication->run()
REQUEST_URI=/yii/klinik-informasi/index.php?r=site/login
in D:\xampp\htdocs\YII\klinik-informasi\protected\components\UserIdentity.php (13)
in D:\xampp\htdocs\YII\klinik-informasi\protected\models\LoginForm.php (54)
in D:\xampp\htdocs\YII\klinik-informasi\protected\controllers\SiteController.php (92)
2024/11/13 12:21:41 [error] [exception.CHttpException.404] CHttpException: Unable to resolve the request "gii". in D:\xampp\htdocs\YII\vendor\yiisoft\yii\framework\web\CWebApplication.php:286
Stack trace:
#0 D:\xampp\htdocs\YII\vendor\yiisoft\yii\framework\web\CWebApplication.php(141): CWebApplication->runController('gii')
#1 D:\xampp\htdocs\YII\vendor\yiisoft\yii\framework\base\CApplication.php(185): CWebApplication->processRequest()
#2 D:\xampp\htdocs\YII\klinik-informasi\index.php(13): CApplication->run()
#3 {main}
REQUEST_URI=/yii/klinik-informasi/index.php?r=gii
---
2024/11/13 12:22:56 [error] [exception.CHttpException.404] CHttpException: Unable to resolve the request "gii". in D:\xampp\htdocs\YII\vendor\yiisoft\yii\framework\web\CWebApplication.php:286
Stack trace:
#0 D:\xampp\htdocs\YII\vendor\yiisoft\yii\framework\web\CWebApplication.php(141): CWebApplication->runController('gii')
#1 D:\xampp\htdocs\YII\vendor\yiisoft\yii\framework\base\CApplication.php(185): CWebApplication->processRequest()
#2 D:\xampp\htdocs\YII\klinik-informasi\index.php(13): CApplication->run()
#3 {main}
REQUEST_URI=/yii/klinik-informasi/index.php?r=gii
---
2024/11/13 12:48:29 [error] [exception.CHttpException.404] CHttpException: The system is unable to find the requested action "page". in D:\xampp\htdocs\YII\vendor\yiisoft\yii\framework\web\CController.php:486
Stack trace:
#0 D:\xampp\htdocs\YII\vendor\yiisoft\yii\framework\web\CController.php(270): CController->missingAction('page')
#1 D:\xampp\htdocs\YII\vendor\yiisoft\yii\framework\web\CWebApplication.php(282): CController->run('page')
#2 D:\xampp\htdocs\YII\vendor\yiisoft\yii\framework\web\CWebApplication.php(141): CWebApplication->runController('site/page')
#3 D:\xampp\htdocs\YII\vendor\yiisoft\yii\framework\base\CApplication.php(185): CWebApplication->processRequest()
#4 D:\xampp\htdocs\YII\klinik-informasi\index.php(13): CApplication->run()
#5 {main}
REQUEST_URI=/yii/klinik-informasi/index.php?r=site/page&view=about
HTTP_REFERER=http://localhost/yii/klinik-informasi/index.php
---
2024/11/13 12:48:38 [error] [exception.CException] CException: CCaptchaValidator.action "captcha" is invalid. Unable to find such an action in the current controller. in D:\xampp\htdocs\YII\vendor\yiisoft\yii\framework\validators\CCaptchaValidator.php:77
Stack trace:
#0 D:\xampp\htdocs\YII\vendor\yiisoft\yii\framework\validators\CCaptchaValidator.php(93): CCaptchaValidator->getCaptchaAction()
#1 D:\xampp\htdocs\YII\vendor\yiisoft\yii\framework\web\widgets\CActiveForm.php(511): CCaptchaValidator->clientValidateAttribute(Object(ContactForm), 'verifyCode')
#2 D:\xampp\htdocs\YII\klinik-informasi\protected\views\site\contact.php(73): CActiveForm->error(Object(ContactForm), 'verifyCode')
#3 D:\xampp\htdocs\YII\vendor\yiisoft\yii\framework\web\CBaseController.php(126): require('D:\\xampp\\htdocs...')
#4 D:\xampp\htdocs\YII\vendor\yiisoft\yii\framework\web\CBaseController.php(95): CBaseController->renderInternal('D:\\xampp\\htdocs...', Array, true)
#5 D:\xampp\htdocs\YII\vendor\yiisoft\yii\framework\web\CController.php(872): CBaseController->renderFile('D:\\xampp\\htdocs...', Array, true)
#6 D:\xampp\htdocs\YII\vendor\yiisoft\yii\framework\web\CController.php(785): CController->renderPartial('contact', Array, true)
#7 D:\xampp\htdocs\YII\klinik-informasi\protected\controllers\SiteController.php(70): CController->render('contact', Array)
#8 D:\xampp\htdocs\YII\vendor\yiisoft\yii\framework\web\actions\CInlineAction.php(49): SiteController->actionContact()
#9 D:\xampp\htdocs\YII\vendor\yiisoft\yii\framework\web\CController.php(308): CInlineAction->runWithParams(Array)
#10 D:\xampp\htdocs\YII\vendor\yiisoft\yii\framework\web\CController.php(286): CController->runAction(Object(CInlineAction))
#11 D:\xampp\htdocs\YII\vendor\yiisoft\yii\framework\web\CController.php(265): CController->runActionWithFilters(Object(CInlineAction), Array)
#12 D:\xampp\htdocs\YII\vendor\yiisoft\yii\framework\web\CWebApplication.php(282): CController->run('contact')
#13 D:\xampp\htdocs\YII\vendor\yiisoft\yii\framework\web\CWebApplication.php(141): CWebApplication->runController('site/contact')
#14 D:\xampp\htdocs\YII\vendor\yiisoft\yii\framework\base\CApplication.php(185): CWebApplication->processRequest()
#15 D:\xampp\htdocs\YII\klinik-informasi\index.php(13): CApplication->run()
#16 {main}
REQUEST_URI=/yii/klinik-informasi/index.php?r=site/contact
HTTP_REFERER=http://localhost/yii/klinik-informasi/index.php
---
2024/11/13 13:52:41 [error] [exception.CHttpException.403] CHttpException: You are not authorized to perform this action. in D:\xampp\htdocs\YII\vendor\yiisoft\yii\framework\web\auth\CAccessControlFilter.php:183
Stack trace:
#0 D:\xampp\htdocs\YII\vendor\yiisoft\yii\framework\web\auth\CAccessControlFilter.php(145): CAccessControlFilter->accessDenied(Object(CWebUser), 'You are not aut...')
#1 D:\xampp\htdocs\YII\vendor\yiisoft\yii\framework\web\filters\CFilter.php(38): CAccessControlFilter->preFilter(Object(CFilterChain))
#2 D:\xampp\htdocs\YII\vendor\yiisoft\yii\framework\web\CController.php(1148): CFilter->filter(Object(CFilterChain))
#3 D:\xampp\htdocs\YII\vendor\yiisoft\yii\framework\web\filters\CInlineFilter.php(58): CController->filterAccessControl(Object(CFilterChain))
#4 D:\xampp\htdocs\YII\vendor\yiisoft\yii\framework\web\filters\CFilterChain.php(131): CInlineFilter->filter(Object(CFilterChain))
#5 D:\xampp\htdocs\YII\vendor\yiisoft\yii\framework\web\CController.php(291): CFilterChain->run()
#6 D:\xampp\htdocs\YII\vendor\yiisoft\yii\framework\web\CController.php(265): CController->runActionWithFilters(Object(CInlineAction), Array)
#7 D:\xampp\htdocs\YII\vendor\yiisoft\yii\framework\web\CWebApplication.php(282): CController->run('admin')
#8 D:\xampp\htdocs\YII\vendor\yiisoft\yii\framework\web\CWebApplication.php(141): CWebApplication->runController('wilayah/admin')
#9 D:\xampp\htdocs\YII\vendor\yiisoft\yii\framework\base\CApplication.php(185): CWebApplication->processRequest()
#10 D:\xampp\htdocs\YII\klinik-informasi\index.php(13): CApplication->run()
#11 {main}
REQUEST_URI=/yii/klinik-informasi/index.php?r=wilayah/admin
HTTP_REFERER=http://localhost/yii/klinik-informasi/index.php?r=site/login
---
2024/11/13 14:18:39 [error] [exception.CException] CException: Property "Obat.kategori" is not defined. in D:\xampp\htdocs\YII\vendor\yiisoft\yii\framework\base\CComponent.php:130
Stack trace:
#0 D:\xampp\htdocs\YII\vendor\yiisoft\yii\framework\db\ar\CActiveRecord.php(145): CComponent->__get('kategori')
#1 D:\xampp\htdocs\YII\klinik-informasi\protected\views\site\index.php(25): CActiveRecord->__get('kategori')
#2 D:\xampp\htdocs\YII\vendor\yiisoft\yii\framework\web\CBaseController.php(126): require('D:\\xampp\\htdocs...')
#3 D:\xampp\htdocs\YII\vendor\yiisoft\yii\framework\web\CBaseController.php(95): CBaseController->renderInternal('D:\\xampp\\htdocs...', Array, true)
#4 D:\xampp\htdocs\YII\vendor\yiisoft\yii\framework\web\CController.php(872): CBaseController->renderFile('D:\\xampp\\htdocs...', Array, true)
#5 D:\xampp\htdocs\YII\vendor\yiisoft\yii\framework\web\CController.php(785): CController->renderPartial('index', Array, true)
#6 D:\xampp\htdocs\YII\klinik-informasi\protected\controllers\SiteController.php(29): CController->render('index', Array)
#7 D:\xampp\htdocs\YII\vendor\yiisoft\yii\framework\web\actions\CInlineAction.php(49): SiteController->actionIndex()
#8 D:\xampp\htdocs\YII\vendor\yiisoft\yii\framework\web\CController.php(308): CInlineAction->runWithParams(Array)
#9 D:\xampp\htdocs\YII\vendor\yiisoft\yii\framework\web\CController.php(286): CController->runAction(Object(CInlineAction))
#10 D:\xampp\htdocs\YII\vendor\yiisoft\yii\framework\web\CController.php(265): CController->runActionWithFilters(Object(CInlineAction), Array)
#11 D:\xampp\htdocs\YII\vendor\yiisoft\yii\framework\web\CWebApplication.php(282): CController->run('index')
#12 D:\xampp\htdocs\YII\vendor\yiisoft\yii\framework\web\CWebApplication.php(141): CWebApplication->runController('site/index')
#13 D:\xampp\htdocs\YII\vendor\yiisoft\yii\framework\base\CApplication.php(185): CWebApplication->processRequest()
#14 D:\xampp\htdocs\YII\klinik-informasi\index.php(13): CApplication->run()
#15 {main}
REQUEST_URI=/yii/klinik-informasi/index.php?r=site/index
HTTP_REFERER=http://localhost/yii/klinik-informasi/index.php?r=obat/index
---
2024/11/13 15:03:26 [error] [exception.CHttpException.403] CHttpException: You are not authorized to perform this action. in D:\xampp\htdocs\YII\vendor\yiisoft\yii\framework\web\auth\CAccessControlFilter.php:183
Stack trace:
#0 D:\xampp\htdocs\YII\vendor\yiisoft\yii\framework\web\auth\CAccessControlFilter.php(145): CAccessControlFilter->accessDenied(Object(CWebUser), 'You are not aut...')
#1 D:\xampp\htdocs\YII\vendor\yiisoft\yii\framework\web\filters\CFilter.php(38): CAccessControlFilter->preFilter(Object(CFilterChain))
#2 D:\xampp\htdocs\YII\vendor\yiisoft\yii\framework\web\CController.php(1148): CFilter->filter(Object(CFilterChain))
#3 D:\xampp\htdocs\YII\vendor\yiisoft\yii\framework\web\filters\CInlineFilter.php(58): CController->filterAccessControl(Object(CFilterChain))
#4 D:\xampp\htdocs\YII\vendor\yiisoft\yii\framework\web\filters\CFilterChain.php(131): CInlineFilter->filter(Object(CFilterChain))
#5 D:\xampp\htdocs\YII\vendor\yiisoft\yii\framework\web\CController.php(291): CFilterChain->run()
#6 D:\xampp\htdocs\YII\vendor\yiisoft\yii\framework\web\CController.php(265): CController->runActionWithFilters(Object(CInlineAction), Array)
#7 D:\xampp\htdocs\YII\vendor\yiisoft\yii\framework\web\CWebApplication.php(282): CController->run('admin')
#8 D:\xampp\htdocs\YII\vendor\yiisoft\yii\framework\web\CWebApplication.php(141): CWebApplication->runController('obat/admin')
#9 D:\xampp\htdocs\YII\vendor\yiisoft\yii\framework\base\CApplication.php(185): CWebApplication->processRequest()
#10 D:\xampp\htdocs\YII\klinik-informasi\index.php(13): CApplication->run()
#11 {main}
REQUEST_URI=/yii/klinik-informasi/index.php?r=obat/admin
HTTP_REFERER=http://localhost/yii/klinik-informasi/index.php?r=obat/create
---
2024/11/13 15:06:58 [error] [exception.CHttpException.400] CHttpException: Your request is invalid. in D:\xampp\htdocs\YII\vendor\yiisoft\yii\framework\web\CController.php:337
Stack trace:
#0 D:\xampp\htdocs\YII\vendor\yiisoft\yii\framework\web\CController.php(309): CController->invalidActionParams(Object(CInlineAction))
#1 D:\xampp\htdocs\YII\vendor\yiisoft\yii\framework\web\filters\CFilterChain.php(134): CController->runAction(Object(CInlineAction))
#2 D:\xampp\htdocs\YII\vendor\yiisoft\yii\framework\web\filters\CFilter.php(40): CFilterChain->run()
#3 D:\xampp\htdocs\YII\vendor\yiisoft\yii\framework\web\CController.php(1148): CFilter->filter(Object(CFilterChain))
#4 D:\xampp\htdocs\YII\vendor\yiisoft\yii\framework\web\filters\CInlineFilter.php(58): CController->filterAccessControl(Object(CFilterChain))
#5 D:\xampp\htdocs\YII\vendor\yiisoft\yii\framework\web\filters\CFilterChain.php(131): CInlineFilter->filter(Object(CFilterChain))
#6 D:\xampp\htdocs\YII\vendor\yiisoft\yii\framework\web\CController.php(291): CFilterChain->run()
#7 D:\xampp\htdocs\YII\vendor\yiisoft\yii\framework\web\CController.php(265): CController->runActionWithFilters(Object(CInlineAction), Array)
#8 D:\xampp\htdocs\YII\vendor\yiisoft\yii\framework\web\CWebApplication.php(282): CController->run('view')
#9 D:\xampp\htdocs\YII\vendor\yiisoft\yii\framework\web\CWebApplication.php(141): CWebApplication->runController('obat/view')
#10 D:\xampp\htdocs\YII\vendor\yiisoft\yii\framework\base\CApplication.php(185): CWebApplication->processRequest()
#11 D:\xampp\htdocs\YII\klinik-informasi\index.php(13): CApplication->run()
#12 {main}
REQUEST_URI=/yii/klinik-informasi/index.php?r=obat/view
---
